<?xml version="1.0" encoding="UTF-8"?>
<!-- Generated by org.testng.reporters.JUnitReportReporter -->
<testsuite hostname="LAPTOP-HBSFHFQ2" failures="0" tests="1" name="com.tutorialsninja.practice.testcases.LoginTest" time="22.029" errors="0" timestamp="2023-05-31T06:33:50 GMT-04:00" skipped="0">
  <testcase classname="com.tutorialsninja.practice.testcases.LoginTest" name="LoginwithValidCredentials" time="22.029"/>
  <system-out/>
</testsuite> <!-- com.tutorialsninja.practice.testcases.LoginTest -->
