<?xml version="1.0" encoding="UTF-8"?>
<!-- Generated by org.testng.reporters.JUnitReportReporter -->
<testsuite hostname="LAPTOP-HBSFHFQ2" failures="0" tests="4" name="com.tutorialsninja.practice.testcases.CompleteTest" time="127.409" errors="0" timestamp="2023-06-01T12:49:55 GMT-04:00" skipped="0">
  <testcase classname="com.tutorialsninja.practice.testcases.CompleteTest" name="completeTestCase" time="25.555"/>
  <system-out/>
  <testcase classname="com.tutorialsninja.practice.testcases.CompleteTest" name="clickOnLaptopsandNotebooks" time="22.455"/>
  <system-out/>
  <testcase classname="com.tutorialsninja.practice.testcases.CompleteTest" name="clickOnLaptop" time="29.006"/>
  <system-out/>
  <testcase classname="com.tutorialsninja.practice.testcases.CompleteTest" name="completeBuying" time="50.393"/>
  <system-out/>
</testsuite> <!-- com.tutorialsninja.practice.testcases.CompleteTest -->
