<?xml version="1.0" encoding="UTF-8"?>
<!-- Generated by org.testng.reporters.JUnitReportReporter -->
<testsuite hostname="LAPTOP-HBSFHFQ2" failures="0" tests="4" name="com.tutorialsninja.practice.testcases.CompleteTest" time="119.125" errors="0" timestamp="2023-06-01T13:02:30 GMT-04:00" skipped="0">
  <testcase classname="com.tutorialsninja.practice.testcases.CompleteTest" name="completeTestCase" time="21.952"/>
  <system-out/>
  <testcase classname="com.tutorialsninja.practice.testcases.CompleteTest" name="clickOnLaptopsandNotebooks" time="25.094"/>
  <system-out/>
  <testcase classname="com.tutorialsninja.practice.testcases.CompleteTest" name="clickOnLaptop" time="23.508"/>
  <system-out/>
  <testcase classname="com.tutorialsninja.practice.testcases.CompleteTest" name="completeBuying" time="48.571"/>
  <system-out/>
</testsuite> <!-- com.tutorialsninja.practice.testcases.CompleteTest -->
